<?xml version="1.0" encoding="UTF-8"?>
<testsuite name="OrderServiceTest" tests="1" skipped="0" failures="0" errors="0" timestamp="2021-02-06T23:50:29" hostname="Kaiyo.local" time="0.026">
  <properties/>
  <testcase name="Invalid items should throw an exception()" classname="OrderServiceTest" time="0.026"/>
  <system-out><![CDATA[]]></system-out>
  <system-err><![CDATA[]]></system-err>
</testsuite>
